<?xml version='1.0' encoding='UTF-8'?>
<testsuite hostname="LUK-5Q7PLC2" name="MenuItemsSpec" tests="16" errors="0" failures="0" skipped="0" time="0.033" timestamp="2019-01-29T16:50:06">
                     <properties>
      <property name="awt.toolkit" value="sun.awt.windows.WToolkit"/><property name="java.specification.version" value="11"/><property name="sun.cpu.isalist" value="amd64"/><property name="sun.jnu.encoding" value="Cp1252"/><property name="sun.arch.data.model" value="64"/><property name="java.vendor.url" value="http://java.oracle.com/"/><property name="sun.boot.library.path" value="C:\Program Files\Java\jdk-11.0.1\bin"/><property name="sun.java.command" value="C:\Users\kbahra\.IdeaIC2018.3\config\plugins\Scala\launcher\sbt-launch.jar --addPluginSbtFile=C:\Users\kbahra\AppData\Local\Temp\idea4.sbt idea-shell"/><property name="jdk.debug" value="release"/><property name="sun.stderr.encoding" value="cp850"/><property name="java.specification.vendor" value="Oracle Corporation"/><property name="java.version.date" value="2018-10-16"/><property name="java.home" value="C:\Program Files\Java\jdk-11.0.1"/><property name="file.separator" value="\"/><property name="java.vm.compressedOopsMode" value="32-bit"/><property name="line.separator" value="
"/><property name="sun.stdout.encoding" value="cp850"/><property name="java.specification.name" value="Java Platform API Specification"/><property name="java.vm.specification.vendor" value="Oracle Corporation"/><property name="user.script" value=""/><property name="sun.management.compiler" value="HotSpot 64-Bit Tiered Compilers"/><property name="java.runtime.version" value="11.0.1+13-LTS"/><property name="user.name" value="kbahra"/><property name="file.encoding" value="UTF-8"/><property name="jnidispatch.path" value="C:\Users\kbahra\AppData\Local\Temp\jna--1138149779\jna7954306968239127391.dll"/><property name="java.vendor.version" value="18.9"/><property name="jna.loaded" value="true"/><property name="java.io.tmpdir" value="C:\Users\kbahra\AppData\Local\Temp\"/><property name="java.version" value="11.0.1"/><property name="java.vm.specification.name" value="Java Virtual Machine Specification"/><property name="java.awt.printerjob" value="sun.awt.windows.WPrinterJob"/><property name="sun.os.patch.level" value=""/><property name="java.library.path" value="C:\Program Files\Java\jdk-11.0.1\bin;C:\WINDOWS\Sun\Java\bin;C:\WINDOWS\system32;C:\WINDOWS;C:\ProgramData\Oracle\Java\javapath;C:\WINDOWS\system32;C:\WINDOWS;C:\WINDOWS\System32\Wbem;C:\WINDOWS\System32\WindowsPowerShell\v1.0\;C:\Program Files\Git\cmd;C:\Program Files\Amazon\AWSCLI\bin\;C:\Program Files (x86)\scala\bin;C:\Users\kbahra\AppData\Local\Continuum\anaconda3;C:\Users\kbahra\AppData\Local\Continuum\anaconda3\Library\mingw-w64\bin;C:\Users\kbahra\AppData\Local\Continuum\anaconda3\Library\usr\bin;C:\Users\kbahra\AppData\Local\Continuum\anaconda3\Library\bin;C:\Users\kbahra\AppData\Local\Continuum\anaconda3\Scripts;C:\Users\kbahra\AppData\Local\Microsoft\WindowsApps;C:\Program Files\Java\jre7\bin;C:\Program Files\JetBrains\IntelliJ IDEA Community Edition 2018.3.3\bin;;."/><property name="java.vendor" value="Oracle Corporation"/><property name="sun.io.unicode.encoding" value="UnicodeLittle"/><property name="sun.desktop" value="windows"/><property name="java.class.path" value="C:\Users\kbahra\.IdeaIC2018.3\config\plugins\Scala\launcher\sbt-launch.jar"/><property name="java.vm.vendor" value="Oracle Corporation"/><property name="user.variant" value=""/><property name="jline.shutdownhook" value="false"/><property name="user.timezone" value="Europe/London"/><property name="os.name" value="Windows 10"/><property name="java.vm.specification.version" value="11"/><property name="sun.java.launcher" value="SUN_STANDARD"/><property name="user.country" value="GB"/><property name="sun.cpu.endian" value="little"/><property name="user.home" value="C:\Users\kbahra"/><property name="user.language" value="en"/><property name="java.awt.graphicsenv" value="sun.awt.Win32GraphicsEnvironment"/><property name="jline.esc.timeout" value="0"/><property name="path.separator" value=";"/><property name="os.version" value="10.0"/><property name="jna.nosys" value="true"/><property name="java.runtime.name" value="Java(TM) SE Runtime Environment"/><property name="java.vm.name" value="Java HotSpot(TM) 64-Bit Server VM"/><property name="java.vendor.url.bug" value="http://bugreport.java.com/bugreport/"/><property name="user.dir" value="C:\Users\kbahra\Documents\repo\DDCTEx"/><property name="os.arch" value="amd64"/><property name="idea.managed" value="true"/><property name="java.vm.info" value="mixed mode"/><property name="java.vm.version" value="11.0.1+13-LTS"/><property name="java.class.version" value="55.0"/>
    </properties>
                     <testcase classname="MenuItemsSpec" name="Get Item name of MenuItems should be called Cola" time="0.032">
                                                 
                                               </testcase><testcase classname="MenuItemsSpec" name="Get Item name of MenuItems should be called Coffee" time="0.0">
                                                 
                                               </testcase><testcase classname="MenuItemsSpec" name="Get Item name of MenuItems should be called Cheese Sandwich" time="0.0">
                                                 
                                               </testcase><testcase classname="MenuItemsSpec" name="Get Item name of MenuItems should be called Steak Sandwich" time="0.0">
                                                 
                                               </testcase><testcase classname="MenuItemsSpec" name="Price of Item should Cola price should be 50p" time="0.0">
                                                 
                                               </testcase><testcase classname="MenuItemsSpec" name="Price of Item should Coffee price should be £1" time="0.0">
                                                 
                                               </testcase><testcase classname="MenuItemsSpec" name="Price of Item should Cheese Sandwich price should be £2" time="0.0">
                                                 
                                               </testcase><testcase classname="MenuItemsSpec" name="50" time="0.0">
                                                 
                                               </testcase><testcase classname="MenuItemsSpec" name="Item is hot should be false for Cola" time="0.0">
                                                 
                                               </testcase><testcase classname="MenuItemsSpec" name="Item is hot should be true for Coffee" time="0.0">
                                                 
                                               </testcase><testcase classname="MenuItemsSpec" name="Item is hot should be false for Cheese Sandwich" time="0.0">
                                                 
                                               </testcase><testcase classname="MenuItemsSpec" name="Item is hot should be true for Steak Sandwich" time="0.001">
                                                 
                                               </testcase><testcase classname="MenuItemsSpec" name="Item is food should be false for Cola" time="0.0">
                                                 
                                               </testcase><testcase classname="MenuItemsSpec" name="Item is food should be false for Coffee" time="0.0">
                                                 
                                               </testcase><testcase classname="MenuItemsSpec" name="Item is food should be true for Cheese Sandwich" time="0.0">
                                                 
                                               </testcase><testcase classname="MenuItemsSpec" name="Item is food should be true for Steak Sandwich" time="0.0">
                                                 
                                               </testcase>
                     <system-out><![CDATA[]]></system-out>
                     <system-err><![CDATA[]]></system-err>
                   </testsuite>